[20230819-03:44:00] [CORE ] main: app started pid 1966(0x000007ae)
[20230819-03:44:00] [INFO ] main: DISPLAY env var set to :10.0
[20230819-03:44:00] [INFO ] main: using DISPLAY 10
[20230819-03:44:00] [INFO ] channel_thread_loop: thread start
[20230819-03:44:00] [INFO ] Socket 12: AF_UNIX connection received
[20230819-03:56:54] [INFO ] channel_thread_loop: trans_check_wait_objs error resetting
[20230819-03:58:36] [INFO ] Socket 12: AF_UNIX connection received
[20230819-04:05:39] [INFO ] channel_thread_loop: trans_check_wait_objs error resetting
[20230819-04:07:08] [INFO ] Socket 12: AF_UNIX connection received
[20230819-04:07:11] [INFO ] channel_thread_loop: trans_check_wait_objs error resetting
[20230819-04:07:35] [INFO ] Socket 12: AF_UNIX connection received
[20230819-04:30:33] [ERROR] clipboard_event_selection_request: unknown target text/plain;charset=utf-8
[20230819-04:40:32] [INFO ] channel_thread_loop: trans_check_wait_objs error resetting
[20230819-04:42:51] [INFO ] Socket 12: AF_UNIX connection received
[20230819-04:48:07] [INFO ] channel_thread_loop: trans_check_wait_objs error resetting
[20230819-04:50:30] [INFO ] Socket 12: AF_UNIX connection received
[20230819-05:09:54] [ERROR] clipboard_event_selection_request: unknown target text/plain;charset=utf-8
[20230819-05:10:02] [ERROR] clipboard_event_selection_request: unknown target text/plain;charset=utf-8
[20230819-05:10:25] [ERROR] clipboard_event_selection_request: unknown target text/plain;charset=utf-8
[20230819-05:10:31] [ERROR] clipboard_event_selection_request: unknown target text/plain;charset=utf-8
[20230819-05:10:47] [ERROR] clipboard_event_selection_request: unknown target text/plain;charset=utf-8
[20230819-05:12:03] [ERROR] clipboard_event_selection_request: unknown target text/plain;charset=utf-8
[20230819-05:14:27] [ERROR] clipboard_event_selection_request: unknown target text/plain;charset=utf-8
[20230819-05:14:44] [ERROR] clipboard_event_selection_request: unknown target text/plain;charset=utf-8
[20230819-05:15:14] [ERROR] clipboard_event_selection_request: unknown target text/plain;charset=utf-8
[20230819-05:15:28] [ERROR] clipboard_event_selection_request: unknown target text/plain;charset=utf-8
[20230819-05:16:34] [ERROR] clipboard_event_selection_request: unknown target text/plain;charset=utf-8
[20230819-05:16:57] [ERROR] clipboard_event_selection_request: unknown target text/plain;charset=utf-8
[20230819-05:17:15] [ERROR] clipboard_event_selection_request: unknown target text/plain;charset=utf-8
[20230819-05:17:58] [ERROR] clipboard_event_selection_request: unknown target text/plain;charset=utf-8
[20230819-05:18:02] [ERROR] clipboard_event_selection_request: unknown target text/plain;charset=utf-8
[20230819-05:39:42] [INFO ] channel_thread_loop: trans_check_wait_objs error resetting
[20230819-05:41:55] [INFO ] Socket 12: AF_UNIX connection received
[20230819-06:11:25] [INFO ] channel_thread_loop: trans_check_wait_objs error resetting
[20230819-06:11:26] [INFO ] Socket 12: AF_UNIX connection received
[20230819-06:11:42] [INFO ] channel_thread_loop: trans_check_wait_objs error resetting
[20230819-06:11:43] [INFO ] Socket 12: AF_UNIX connection received
[20230819-06:11:48] [INFO ] channel_thread_loop: trans_check_wait_objs error resetting
[20230819-06:11:48] [INFO ] Socket 12: AF_UNIX connection received
[20230819-06:12:01] [INFO ] channel_thread_loop: trans_check_wait_objs error resetting
[20230819-06:12:01] [INFO ] Socket 12: AF_UNIX connection received
[20230819-06:13:43] [INFO ] channel_thread_loop: trans_check_wait_objs error resetting
[20230819-06:13:43] [INFO ] Socket 12: AF_UNIX connection received
[20230819-06:15:49] [INFO ] channel_thread_loop: trans_check_wait_objs error resetting
[20230819-06:16:12] [INFO ] Socket 12: AF_UNIX connection received
[20230819-08:28:39] [INFO ] channel_thread_loop: trans_check_wait_objs error resetting
[20230819-08:28:45] [INFO ] Socket 12: AF_UNIX connection received
